<?xml version="1.0" encoding="UTF-8"?>
<testsuite name="DictionaryTest.DictionaryTest" tests="5" skipped="0" failures="0" errors="0" timestamp="2021-10-28T13:50:43" hostname="MacBook-Pro-de-emma.local" time="0.012">
  <properties/>
  <testcase name="testDeuxTranslation" classname="DictionaryTest.DictionaryTest" time="0.011"/>
  <testcase name="testOneTranslation" classname="DictionaryTest.DictionaryTest" time="0.0"/>
  <testcase name="testDictionaryName" classname="DictionaryTest.DictionaryTest" time="0.0"/>
  <testcase name="testDictionaryIsEmpty" classname="DictionaryTest.DictionaryTest" time="0.001"/>
  <testcase name="testInverse" classname="DictionaryTest.DictionaryTest" time="0.0"/>
  <system-out><![CDATA[]]></system-out>
  <system-err><![CDATA[]]></system-err>
</testsuite>
