<?xml version="1.0" encoding="UTF-8"?>
<testsuite name="DictionaryTest.DictionaryTest" tests="1" skipped="0" failures="0" errors="0" timestamp="2021-10-28T10:22:33" hostname="MacBook-Pro-de-emma.local" time="0.007">
  <properties/>
  <testcase name="testDictionaryName" classname="DictionaryTest.DictionaryTest" time="0.007"/>
  <system-out><![CDATA[]]></system-out>
  <system-err><![CDATA[]]></system-err>
</testsuite>
